=== CLI REGRESSION TEST REPORT (Loop 1/1) ===
Timestamp: Fri Oct 17 21:35:14 PDT 2025
Loop Number: 1/1
Total Tests: 39
Completed: 39
Incomplete: 0
Generation Rate: 100%
Total Session Duration: 0 min 1 sec
Session Mode: PERSISTENT (single session)
Session Count Detected: 0
0
Loop Status: COMPLETED

=== TEST RESULTS DETAIL ===
Test 1: Test_1_SPY_Market_Status - COMPLETED
Test 2: Test_2_SPY_Current_Price_OHLC - COMPLETED
Test 3: Test_3_SPY_Yesterday_Price_OHLC - COMPLETED
Test 4: Test_4_SPY_Last_Week_Performance_OHLC - COMPLETED
Test 5: Test_5_SPY_Previous_Week_Friday_OHLC - COMPLETED
Test 6: Test_6_SPY_Last_5_Trading_Days_OHLC - COMPLETED
Test 7: Test_7_SPY_Past_2_Weeks_OHLC - COMPLETED
Test 8: Test_8_SPY_Past_Month - COMPLETED
Test 9: Test_9_SPY_Past_3_Months - COMPLETED
Test 10: Test_10_SPY_TA_Indicator_DATA_Only - COMPLETED
Test 11: Test_11_SPY_Support_Resistance - COMPLETED
Test 12: Test_12_SPY_Full_TA_Analysis - COMPLETED
Test 13: Test_13_SPY_Options_Expiration_Dates - COMPLETED
Test 14: Test_14_SPY_Call_Options_Chain - COMPLETED
Test 15: Test_15_SPY_Put_Options_Chain - COMPLETED
Test 16: Test_16_SPY_Options_Wall_Analysis - COMPLETED
Test 17: Test_17_NVDA_Current_Price_OHLC - COMPLETED
Test 18: Test_18_NVDA_Yesterday_Price_OHLC - COMPLETED
Test 19: Test_19_NVDA_Last_Week_Performance_OHLC - COMPLETED
Test 20: Test_20_NVDA_Previous_Week_Friday_OHLC - COMPLETED
Test 21: Test_21_NVDA_Last_5_Trading_Days_OHLC - COMPLETED
Test 22: Test_22_NVDA_Past_2_Weeks_OHLC - COMPLETED
Test 23: Test_23_NVDA_Past_Month - COMPLETED
Test 24: Test_24_NVDA_Past_3_Months - COMPLETED
Test 25: Test_25_NVDA_TA_Indicator_DATA_Only - COMPLETED
Test 26: Test_26_NVDA_Support_Resistance - COMPLETED
Test 27: Test_27_NVDA_Full_TA_Analysis - COMPLETED
Test 28: Test_28_NVDA_Options_Expiration_Dates - COMPLETED
Test 29: Test_29_NVDA_Call_Options_Chain - COMPLETED
Test 30: Test_30_NVDA_Put_Options_Chain - COMPLETED
Test 31: Test_31_NVDA_Options_Wall_Analysis - COMPLETED
Test 32: Test_32_Multi_Current_Price_OHLC_WDC_AMD_SOUN - COMPLETED
Test 33: Test_33_Multi_Yesterday_Price_OHLC_WDC_AMD_SOUN - COMPLETED
Test 34: Test_34_Multi_Yesterday_Closing_Price_WDC_AMD_SOUN - COMPLETED
Test 35: Test_35_Multi_Last_Week_Performance_OHLC_WDC_AMD_SOUN - COMPLETED
Test 36: Test_36_Multi_TA_Indicator_DATA_Only_WDC_AMD_SOUN - COMPLETED
Test 37: Test_37_Multi_Support_Resistance_WDC_AMD_SOUN - COMPLETED
Test 38: Test_38_Multi_Full_TA_Analysis_WDC_AMD_SOUN - COMPLETED
Test 39: Test_39_Multi_Options_Expiration_Dates_WDC_AMD_SOUN - COMPLETED

=== FULL CLI OUTPUT ===
Traceback (most recent call last):
  File "/home/anthony/Github/market-parser-polygon-mcp/src/backend/main.py", line 26, in <module>
    from .cli import cli_async, initialize_persistent_agent
ImportError: attempted relative import with no known parent package

During handling of the above exception, another exception occurred:

Traceback (most recent call last):
  File "/home/anthony/Github/market-parser-polygon-mcp/src/backend/main.py", line 32, in <module>
    from backend.cli import cli_async, initialize_persistent_agent
  File "/home/anthony/Github/market-parser-polygon-mcp/src/backend/__init__.py", line 15, in <module>
    from .main import (  # FastAPI application instance; Core processing functions; CLI function; Response formatting utilities; Utility functions; Pydantic models for requests/responses
  File "/home/anthony/Github/market-parser-polygon-mcp/src/backend/main.py", line 26, in <module>
    from .cli import cli_async, initialize_persistent_agent
  File "/home/anthony/Github/market-parser-polygon-mcp/src/backend/cli.py", line 9, in <module>
    from .config import settings
  File "/home/anthony/Github/market-parser-polygon-mcp/src/backend/config.py", line 118, in <module>
    settings = Settings()
               ^^^^^^^^^^
  File "/home/anthony/Github/market-parser-polygon-mcp/src/backend/config.py", line 70, in __init__
    frontend_config = config["frontend"]
                      ~~~~~~^^^^^^^^^^^^
KeyError: 'frontend'

=== END CLI REGRESSION TEST REPORT (Loop 1/1) ===
